-------------------------------------------------------------------------------
Test set: com.mulesoft.training.HelloMavenTest
-------------------------------------------------------------------------------
Tests run: 1, Failures: 0, Errors: 1, Skipped: 0, Time elapsed: 8.439 s <<< FAILURE! - in com.mulesoft.training.HelloMavenTest
mavenFlowReturnsHelloMaven(com.mulesoft.training.HelloMavenTest)  Time elapsed: 7.133 s  <<< ERROR!
org.mule.api.config.ConfigurationException: Failed to invoke lifecycle phase "initialise" on object: org.mule.module.http.internal.listener.DefaultHttpListenerConfig@4dff70c8 (org.mule.api.lifecycle.InitialisationException)
Caused by: org.mule.api.lifecycle.InitialisationException: Failed to invoke lifecycle phase "initialise" on object: org.mule.module.http.internal.listener.DefaultHttpListenerConfig@4dff70c8
Caused by: org.mule.api.lifecycle.LifecycleException: Failed to invoke lifecycle phase "initialise" on object: org.mule.module.http.internal.listener.DefaultHttpListenerConfig@4dff70c8
Caused by: org.mule.api.MuleRuntimeException: java.io.IOException: Unable to establish loopback connection
Caused by: java.io.IOException: Unable to establish loopback connection
Caused by: java.net.SocketException: No buffer space available (maximum connections reached?): bind

